Using pre-set license
Built from '2022.3/staging' branch; Version is '2022.3.16f1 (d2c21f0ef2f1) revision 13812255'; Using compiler version '192829333'; Build Type 'Release'
OS: 'Windows 10  (10.0.19042) 64bit Education' Language: 'ko' Physical Memory: 16313 MB
BatchMode: 1, IsHumanControllingUs: 0, StartBugReporterOnCrash: 0, Is64bit: 1, IsPro: 1

COMMAND LINE ARGUMENTS:
C:\Program Files\Unity 2022.3.16f1\Editor\Unity.exe
-adb2
-batchMode
-noUpm
-name
AssetImportWorker2
-projectPath
C:/Users/user/Desktop/shooting/Defence
-logFile
Logs/AssetImportWorker2.log
-srvPort
50391
Successfully changed project path to: C:/Users/user/Desktop/shooting/Defence
C:/Users/user/Desktop/shooting/Defence
[UnityMemory] Configuration Parameters - Can be set up in boot.config
    "memorysetup-bucket-allocator-granularity=16"
    "memorysetup-bucket-allocator-bucket-count=8"
    "memorysetup-bucket-allocator-block-size=33554432"
    "memorysetup-bucket-allocator-block-count=8"
    "memorysetup-main-allocator-block-size=16777216"
    "memorysetup-thread-allocator-block-size=16777216"
    "memorysetup-gfx-main-allocator-block-size=16777216"
    "memorysetup-gfx-thread-allocator-block-size=16777216"
    "memorysetup-cache-allocator-block-size=4194304"
    "memorysetup-typetree-allocator-block-size=2097152"
    "memorysetup-profiler-bucket-allocator-granularity=16"
    "memorysetup-profiler-bucket-allocator-bucket-count=8"
    "memorysetup-profiler-bucket-allocator-block-size=33554432"
    "memorysetup-profiler-bucket-allocator-block-count=8"
    "memorysetup-profiler-allocator-block-size=16777216"
    "memorysetup-profiler-editor-allocator-block-size=1048576"
    "memorysetup-temp-allocator-size-main=16777216"
    "memorysetup-job-temp-allocator-block-size=2097152"
    "memorysetup-job-temp-allocator-block-size-background=1048576"
    "memorysetup-job-temp-allocator-reduction-small-platforms=262144"
    "memorysetup-allocator-temp-initial-block-size-main=262144"
    "memorysetup-allocator-temp-initial-block-size-worker=262144"
    "memorysetup-temp-allocator-size-background-worker=32768"
    "memorysetup-temp-allocator-size-job-worker=262144"
    "memorysetup-temp-allocator-size-preload-manager=33554432"
    "memorysetup-temp-allocator-size-nav-mesh-worker=65536"
    "memorysetup-temp-allocator-size-audio-worker=65536"
    "memorysetup-temp-allocator-size-cloud-worker=32768"
    "memorysetup-temp-allocator-size-gi-baking-worker=262144"
    "memorysetup-temp-allocator-size-gfx=262144"
Player connection [3856] Host "[IP] 10.194.45.106 [Port] 0 [Flags] 2 [Guid] 1617582826 [EditorId] 1617582826 [Version] 1048832 [Id] WindowsEditor(7,PC-06) [Debug] 1 [PackageName] WindowsEditor [ProjectName] Editor" joined multi-casting on [225.0.0.222:54997]...

Player connection [3856] Host "[IP] 10.194.45.106 [Port] 0 [Flags] 2 [Guid] 1617582826 [EditorId] 1617582826 [Version] 1048832 [Id] WindowsEditor(7,PC-06) [Debug] 1 [PackageName] WindowsEditor [ProjectName] Editor" joined alternative multi-casting on [225.0.0.222:34997]...

[Physics::Module] Initialized MultithreadedJobDispatcher with 15 workers.
Refreshing native plugins compatible for Editor in 14.16 ms, found 3 plugins.
Preloading 0 native plugins for Editor in 0.00 ms.
Initialize engine version: 2022.3.16f1 (d2c21f0ef2f1)
[Subsystems] Discovering subsystems at path C:/Program Files/Unity 2022.3.16f1/Editor/Data/Resources/UnitySubsystems
[Subsystems] Discovering subsystems at path C:/Users/user/Desktop/shooting/Defence/Assets
GfxDevice: creating device client; threaded=0; jobified=0
Direct3D:
    Version:  Direct3D 11.0 [level 11.1]
    Renderer: NVIDIA GeForce GTX 1650 (ID=0x1f82)
    Vendor:   NVIDIA
    VRAM:     3962 MB
    Driver:   31.0.15.1659
Initialize mono
Mono path[0] = 'C:/Program Files/Unity 2022.3.16f1/Editor/Data/Managed'
Mono path[1] = 'C:/Program Files/Unity 2022.3.16f1/Editor/Data/MonoBleedingEdge/lib/mono/unityjit-win32'
Mono config path = 'C:/Program Files/Unity 2022.3.16f1/Editor/Data/MonoBleedingEdge/etc'
Using monoOptions --debugger-agent=transport=dt_socket,embedding=1,server=y,suspend=n,address=127.0.0.1:56208
Begin MonoManager ReloadAssembly
Registering precompiled unity dll's ...
Register platform support module: C:/Program Files/Unity 2022.3.16f1/Editor/Data/PlaybackEngines/WindowsStandaloneSupport/UnityEditor.WindowsStandalone.Extensions.dll
Registered in 0.011225 seconds.
- Loaded All Assemblies, in  0.478 seconds
Native extension for WindowsStandalone target not found
Mono: successfully reloaded assembly
- Finished resetting the current domain, in  0.288 seconds
Domain Reload Profiling: 762ms
	BeginReloadAssembly (183ms)
		ExecutionOrderSort (0ms)
		DisableScriptedObjects (0ms)
		BackupInstance (0ms)
		ReleaseScriptingObjects (0ms)
		CreateAndSetChildDomain (1ms)
	RebuildCommonClasses (43ms)
	RebuildNativeTypeToScriptingClass (12ms)
	initialDomainReloadingComplete (76ms)
	LoadAllAssembliesAndSetupDomain (160ms)
		LoadAssemblies (179ms)
		RebuildTransferFunctionScriptingTraits (0ms)
		AnalyzeDomain (157ms)
			TypeCache.Refresh (155ms)
				TypeCache.ScanAssembly (139ms)
			ScanForSourceGeneratedMonoScriptInfo (0ms)
			ResolveRequiredComponents (1ms)
	FinalizeReload (288ms)
		ReleaseScriptCaches (0ms)
		RebuildScriptCaches (0ms)
		SetupLoadedEditorAssemblies (225ms)
			LogAssemblyErrors (0ms)
			InitializePlatformSupportModulesInManaged (12ms)
			SetLoadedEditorAssemblies (9ms)
			RefreshPlugins (0ms)
			BeforeProcessingInitializeOnLoad (3ms)
			ProcessInitializeOnLoadAttributes (146ms)
			ProcessInitializeOnLoadMethodAttributes (55ms)
			AfterProcessingInitializeOnLoad (0ms)
			EditorAssembliesLoaded (0ms)
		ExecutionOrderSort2 (0ms)
		AwakeInstancesAfterBackupRestoration (0ms)
========================================================================
Worker process is ready to serve import requests
Begin MonoManager ReloadAssembly
- Loaded All Assemblies, in  0.746 seconds
Refreshing native plugins compatible for Editor in 5.69 ms, found 3 plugins.
Native extension for WindowsStandalone target not found
Package Manager log level set to [2]
[Package Manager] Server::EnsureServerProcessIsRunning -- launch failed, reason: Unity was launched with the -noUpm command-line argument
[Package Manager] UpmClient::Send -- Unable to send message (not connected to UPM process).
[Package Manager] Cannot connect to Unity Package Manager local server
Mono: successfully reloaded assembly
- Finished resetting the current domain, in  0.693 seconds
Domain Reload Profiling: 1434ms
	BeginReloadAssembly (182ms)
		ExecutionOrderSort (0ms)
		DisableScriptedObjects (6ms)
		BackupInstance (0ms)
		ReleaseScriptingObjects (0ms)
		CreateAndSetChildDomain (23ms)
	RebuildCommonClasses (39ms)
	RebuildNativeTypeToScriptingClass (11ms)
	initialDomainReloadingComplete (50ms)
	LoadAllAssembliesAndSetupDomain (459ms)
		LoadAssemblies (383ms)
		RebuildTransferFunctionScriptingTraits (0ms)
		AnalyzeDomain (190ms)
			TypeCache.Refresh (170ms)
				TypeCache.ScanAssembly (154ms)
			ScanForSourceGeneratedMonoScriptInfo (15ms)
			ResolveRequiredComponents (5ms)
	FinalizeReload (694ms)
		ReleaseScriptCaches (0ms)
		RebuildScriptCaches (0ms)
		SetupLoadedEditorAssemblies (525ms)
			LogAssemblyErrors (0ms)
			InitializePlatformSupportModulesInManaged (8ms)
			SetLoadedEditorAssemblies (5ms)
			RefreshPlugins (0ms)
			BeforeProcessingInitializeOnLoad (108ms)
			ProcessInitializeOnLoadAttributes (369ms)
			ProcessInitializeOnLoadMethodAttributes (23ms)
			AfterProcessingInitializeOnLoad (12ms)
			EditorAssembliesLoaded (0ms)
		ExecutionOrderSort2 (0ms)
		AwakeInstancesAfterBackupRestoration (14ms)
Launched and connected shader compiler UnityShaderCompiler.exe after 0.04 seconds
Refreshing native plugins compatible for Editor in 6.92 ms, found 3 plugins.
Preloading 0 native plugins for Editor in 0.00 ms.
Unloading 3084 Unused Serialized files (Serialized files now loaded: 0)
Unloading 32 unused Assets / (56.9 KB). Loaded Objects now: 3545.
Memory consumption went from 122.8 MB to 122.7 MB.
Total: 3.192400 ms (FindLiveObjects: 0.271100 ms CreateObjectMapping: 0.265600 ms MarkObjects: 2.542000 ms  DeleteObjects: 0.112600 ms)

AssetImportParameters requested are different than current active one (requested -> active):
  custom:container-demuxer-ogg: 62fdf1f143b41e24485cea50d1cbac27 -> 
  custom:video-decoder-ogg-theora: a1e56fd34408186e4bbccfd4996cb3dc -> 
  custom:framework-win-MediaFoundation: 216162199b28c13a410421893ffa2e32 -> 
  custom:CustomObjectIndexerAttribute: 43b350a4d6e6d1791af0b5038c4bea17 -> 
  custom:container-demuxer-webm: 4f35f7cbe854078d1ac9338744f61a02 -> 
  custom:container-muxer-webm: aa71ff27fc2769a1b78a27578f13a17b -> 
  custom:video-decoder-webm-vp8: 9c59270c3fd7afecdb556c50c9e8de78 -> 
  custom:SearchIndexIgnoredProperties: e643bd26f0fe6173181afceb89e7c659 -> 
  custom:AudioImporter_EditorPlatform: d09bf68614088b80899f8185d706f6e7 -> 
  custom:video-encoder-webm-vp8: eb34c28f22e8b96e1ab97ce403110664 -> 
  custom:audio-decoder-ogg-vorbis: bf7c407c2cedff20999df2af8eb42d56 -> 
  custom:audio-encoder-webm-vorbis: bf7c407c2cedff20999df2af8eb42d56 -> 
========================================================================
Received Import Request.
  Time since last request: 1014.756618 seconds.
  path: Assets/TowerDefence_Vsquad/Materials/Flora
  artifactKey: Guid(4574b50e4840481439d50f5a7b78525c) Importer(815301076,1909f56bfc062723c751e8b465ee728b)
Start importing Assets/TowerDefence_Vsquad/Materials/Flora using Guid(4574b50e4840481439d50f5a7b78525c) Importer(815301076,1909f56bfc062723c751e8b465ee728b)  -> (artifact id: 'dee949c8d53607fc49027e60b9fba12c') in 0.002350 seconds
Number of updated asset objects reloaded before import = 0
Number of asset objects unloaded after import = 0
========================================================================
Received Import Request.
  Time since last request: 0.042739 seconds.
  path: Assets/TowerDefence_Vsquad/Materials/Flora/Fir_4c.mat
  artifactKey: Guid(e45e445d5691a644fbe98844f9bb8ebe) Importer(815301076,1909f56bfc062723c751e8b465ee728b)
Start importing Assets/TowerDefence_Vsquad/Materials/Flora/Fir_4c.mat using Guid(e45e445d5691a644fbe98844f9bb8ebe) Importer(815301076,1909f56bfc062723c751e8b465ee728b)  -> (artifact id: 'b176597bc5f1e976a5d733d26bae9743') in 0.106355 seconds
Number of updated asset objects reloaded before import = 0
Number of asset objects unloaded after import = 2
========================================================================
Received Import Request.
  Time since last request: 7.109428 seconds.
  path: Assets/TowerDefence_Vsquad/Materials/Characters
  artifactKey: Guid(ec86ac26eade40343aca4c82e6d45f55) Importer(815301076,1909f56bfc062723c751e8b465ee728b)
Start importing Assets/TowerDefence_Vsquad/Materials/Characters using Guid(ec86ac26eade40343aca4c82e6d45f55) Importer(815301076,1909f56bfc062723c751e8b465ee728b)  -> (artifact id: '575f30b09aea0c52ea9d9d04fb3a4683') in 0.000694 seconds
Number of updated asset objects reloaded before import = 0
Number of asset objects unloaded after import = 0
========================================================================
Received Import Request.
  Time since last request: 0.670373 seconds.
  path: Assets/TowerDefence_Vsquad/Materials/Characters/Goblin
  artifactKey: Guid(cec59199e0aae2d4ba6b94fb4f2988c4) Importer(815301076,1909f56bfc062723c751e8b465ee728b)
Start importing Assets/TowerDefence_Vsquad/Materials/Characters/Goblin using Guid(cec59199e0aae2d4ba6b94fb4f2988c4) Importer(815301076,1909f56bfc062723c751e8b465ee728b)  -> (artifact id: '024161b3f683e0f8f038db1f00061e38') in 0.000433 seconds
Number of updated asset objects reloaded before import = 0
Number of asset objects unloaded after import = 0
========================================================================
Received Import Request.
  Time since last request: 0.063077 seconds.
  path: Assets/TowerDefence_Vsquad/Materials/Characters/Goblin/Goblin_A.mat
  artifactKey: Guid(65eabe933c6cbc84f8297300df4f97f1) Importer(815301076,1909f56bfc062723c751e8b465ee728b)
Start importing Assets/TowerDefence_Vsquad/Materials/Characters/Goblin/Goblin_A.mat using Guid(65eabe933c6cbc84f8297300df4f97f1) Importer(815301076,1909f56bfc062723c751e8b465ee728b)  -> (artifact id: 'ae8f2b1b5ce4be6544eb626c72a04cee') in 0.009485 seconds
Number of updated asset objects reloaded before import = 0
Number of asset objects unloaded after import = 2
========================================================================
Received Import Request.
  Time since last request: 2.686222 seconds.
  path: Assets/TowerDefence_Vsquad/Materials/Cubes
  artifactKey: Guid(2143b8aca4dab4f4aa65a28a26fe1099) Importer(815301076,1909f56bfc062723c751e8b465ee728b)
Start importing Assets/TowerDefence_Vsquad/Materials/Cubes using Guid(2143b8aca4dab4f4aa65a28a26fe1099) Importer(815301076,1909f56bfc062723c751e8b465ee728b)  -> (artifact id: 'b38d59e495742717dd4e87324da84d05') in 0.000574 seconds
Number of updated asset objects reloaded before import = 0
Number of asset objects unloaded after import = 0
========================================================================
Received Import Request.
  Time since last request: 0.045236 seconds.
  path: Assets/TowerDefence_Vsquad/Materials/Cubes/HM_Grass_1.mat
  artifactKey: Guid(8e6eaedea09cc0d4b92d1b753f2761a0) Importer(815301076,1909f56bfc062723c751e8b465ee728b)
Start importing Assets/TowerDefence_Vsquad/Materials/Cubes/HM_Grass_1.mat using Guid(8e6eaedea09cc0d4b92d1b753f2761a0) Importer(815301076,1909f56bfc062723c751e8b465ee728b)  -> (artifact id: 'a142ed23d90dbecd9c07f98e282cc515') in 0.008393 seconds
Number of updated asset objects reloaded before import = 0
Number of asset objects unloaded after import = 2
========================================================================
Received Import Request.
  Time since last request: 7.200205 seconds.
  path: Assets/TowerDefence_Vsquad/Materials/FX
  artifactKey: Guid(881b1dccc13eab94582cac131409aac8) Importer(815301076,1909f56bfc062723c751e8b465ee728b)
Start importing Assets/TowerDefence_Vsquad/Materials/FX using Guid(881b1dccc13eab94582cac131409aac8) Importer(815301076,1909f56bfc062723c751e8b465ee728b)  -> (artifact id: '8d83fc201f89fe4d343bd368340c3b4c') in 0.000483 seconds
Number of updated asset objects reloaded before import = 0
Number of asset objects unloaded after import = 0
========================================================================
Received Import Request.
  Time since last request: 0.445345 seconds.
  path: Assets/TowerDefence_Vsquad/Materials/FX/HM_Fire_FX_ADD.mat
  artifactKey: Guid(1db238f484fcb6540ac8790ca96d838b) Importer(815301076,1909f56bfc062723c751e8b465ee728b)
Start importing Assets/TowerDefence_Vsquad/Materials/FX/HM_Fire_FX_ADD.mat using Guid(1db238f484fcb6540ac8790ca96d838b) Importer(815301076,1909f56bfc062723c751e8b465ee728b)  -> (artifact id: 'a7fef8fc63e7a2a8e015c541b87f6fb1') in 0.043299 seconds
Number of updated asset objects reloaded before import = 0
Number of asset objects unloaded after import = 2
========================================================================
Received Import Request.
  Time since last request: 0.011125 seconds.
  path: Assets/TowerDefence_Vsquad/Materials/FX/HM_smoke additive_2.mat
  artifactKey: Guid(f1aea8343872cd041a9945f0de257526) Importer(815301076,1909f56bfc062723c751e8b465ee728b)
Start importing Assets/TowerDefence_Vsquad/Materials/FX/HM_smoke additive_2.mat using Guid(f1aea8343872cd041a9945f0de257526) Importer(815301076,1909f56bfc062723c751e8b465ee728b)  -> (artifact id: '23fd3bdea73d86a9a568f2f7be9ec538') in 0.043033 seconds
Number of updated asset objects reloaded before import = 0
Number of asset objects unloaded after import = 2
========================================================================
Received Import Request.
  Time since last request: 0.000032 seconds.
  path: Assets/TowerDefence_Vsquad/Materials/FX/HM_smoke blended.mat
  artifactKey: Guid(c77f053355b8f1248bafbaaaad21f8c3) Importer(815301076,1909f56bfc062723c751e8b465ee728b)
Start importing Assets/TowerDefence_Vsquad/Materials/FX/HM_smoke blended.mat using Guid(c77f053355b8f1248bafbaaaad21f8c3) Importer(815301076,1909f56bfc062723c751e8b465ee728b)  -> (artifact id: '85016404194d4b93b4e2b9dbbca2034d') in 0.013155 seconds
Number of updated asset objects reloaded before import = 0
Number of asset objects unloaded after import = 2
========================================================================
Received Import Request.
  Time since last request: 2.382243 seconds.
  path: Assets/TowerDefence_Vsquad/Materials/Scene
  artifactKey: Guid(9f571af3242d69848845a4fa00df510e) Importer(815301076,1909f56bfc062723c751e8b465ee728b)
Start importing Assets/TowerDefence_Vsquad/Materials/Scene using Guid(9f571af3242d69848845a4fa00df510e) Importer(815301076,1909f56bfc062723c751e8b465ee728b)  -> (artifact id: '39502a05402973195170e5f550906bf2') in 0.000592 seconds
Number of updated asset objects reloaded before import = 0
Number of asset objects unloaded after import = 0
========================================================================
Received Import Request.
  Time since last request: 0.040867 seconds.
  path: Assets/TowerDefence_Vsquad/Materials/Scene/Enemy_cube.mat
  artifactKey: Guid(82135e4a8e4c03b4fb951c3be43a1c87) Importer(815301076,1909f56bfc062723c751e8b465ee728b)
Start importing Assets/TowerDefence_Vsquad/Materials/Scene/Enemy_cube.mat using Guid(82135e4a8e4c03b4fb951c3be43a1c87) Importer(815301076,1909f56bfc062723c751e8b465ee728b)  -> (artifact id: 'de1255b571bd0e6193adf1dabe3a8045') in 0.139861 seconds
Number of updated asset objects reloaded before import = 0
Number of asset objects unloaded after import = 1
========================================================================
Received Import Request.
  Time since last request: 385.962977 seconds.
  path: Assets/TowerDefence_Vsquad/Textures/Flora
  artifactKey: Guid(678b3cde583c4614b827d6be5fb79578) Importer(815301076,1909f56bfc062723c751e8b465ee728b)
Start importing Assets/TowerDefence_Vsquad/Textures/Flora using Guid(678b3cde583c4614b827d6be5fb79578) Importer(815301076,1909f56bfc062723c751e8b465ee728b)  -> (artifact id: '0f4ae01e6bbecd4f1f55eed038b7263c') in 0.000671 seconds
Number of updated asset objects reloaded before import = 0
Number of asset objects unloaded after import = 0
========================================================================
Received Import Request.
  Time since last request: 0.054297 seconds.
  path: Assets/TowerDefence_Vsquad/Textures/Flora/Fir_4c.tga
  artifactKey: Guid(cc8724346d5c99045ab0109cf7ed1bc3) Importer(815301076,1909f56bfc062723c751e8b465ee728b)
Start importing Assets/TowerDefence_Vsquad/Textures/Flora/Fir_4c.tga using Guid(cc8724346d5c99045ab0109cf7ed1bc3) Importer(815301076,1909f56bfc062723c751e8b465ee728b)  -> (artifact id: 'fce2d21d8376ddb898e76dd7b7666e6a') in 0.023926 seconds
Number of updated asset objects reloaded before import = 0
Number of asset objects unloaded after import = 2
========================================================================
Received Import Request.
  Time since last request: 12.728325 seconds.
  path: Assets/TowerDefence_Vsquad/Textures/Cubes
  artifactKey: Guid(958f063f28a2c1f4aa4eb0520e8192d1) Importer(815301076,1909f56bfc062723c751e8b465ee728b)
Start importing Assets/TowerDefence_Vsquad/Textures/Cubes using Guid(958f063f28a2c1f4aa4eb0520e8192d1) Importer(815301076,1909f56bfc062723c751e8b465ee728b)  -> (artifact id: '87ddcfd6232b7d428ee85d885721b511') in 0.000521 seconds
Number of updated asset objects reloaded before import = 0
Number of asset objects unloaded after import = 0
========================================================================
Received Import Request.
  Time since last request: 0.052318 seconds.
  path: Assets/TowerDefence_Vsquad/Textures/Cubes/Grass_1.tga
  artifactKey: Guid(545daafdcf7fb024d8b7d125648cfd6a) Importer(815301076,1909f56bfc062723c751e8b465ee728b)
Start importing Assets/TowerDefence_Vsquad/Textures/Cubes/Grass_1.tga using Guid(545daafdcf7fb024d8b7d125648cfd6a) Importer(815301076,1909f56bfc062723c751e8b465ee728b)  -> (artifact id: '8f5e3217c9fe1a1d39ccf2439e2d4faf') in 0.016028 seconds
Number of updated asset objects reloaded before import = 0
Number of asset objects unloaded after import = 2
========================================================================
Received Import Request.
  Time since last request: 1.473960 seconds.
  path: Assets/TowerDefence_Vsquad/Textures/Characters
  artifactKey: Guid(a208013d9c4de7f4092ac2faa702f11a) Importer(815301076,1909f56bfc062723c751e8b465ee728b)
Start importing Assets/TowerDefence_Vsquad/Textures/Characters using Guid(a208013d9c4de7f4092ac2faa702f11a) Importer(815301076,1909f56bfc062723c751e8b465ee728b)  -> (artifact id: '3145877fd610f4039867b678814491c5') in 0.000517 seconds
Number of updated asset objects reloaded before import = 0
Number of asset objects unloaded after import = 0
========================================================================
Received Import Request.
  Time since last request: 1684.545718 seconds.
  path: Assets/01.Script
  artifactKey: Guid(9f3a0411167b84b4c88894e26905eed2) Importer(815301076,1909f56bfc062723c751e8b465ee728b)
Start importing Assets/01.Script using Guid(9f3a0411167b84b4c88894e26905eed2) Importer(815301076,1909f56bfc062723c751e8b465ee728b)  -> (artifact id: '05f1dd01ce3940789f0088f5d3248b85') in 0.000659 seconds
Number of updated asset objects reloaded before import = 0
Number of asset objects unloaded after import = 0
========================================================================
Received Import Request.
  Time since last request: 13.827097 seconds.
  path: Assets/01.Script/EnemySpawner.cs
  artifactKey: Guid(d8b36d6f3bfa4b94991afc00fb9a6f20) Importer(815301076,1909f56bfc062723c751e8b465ee728b)
Start importing Assets/01.Script/EnemySpawner.cs using Guid(d8b36d6f3bfa4b94991afc00fb9a6f20) Importer(815301076,1909f56bfc062723c751e8b465ee728b)  -> (artifact id: '550987f86cb99276f82f95d3e74e95f9') in 0.000522 seconds
Number of updated asset objects reloaded before import = 0
Number of asset objects unloaded after import = 0
========================================================================
Received Prepare
Begin MonoManager ReloadAssembly
- Loaded All Assemblies, in  0.680 seconds
Refreshing native plugins compatible for Editor in 7.02 ms, found 3 plugins.
Native extension for WindowsStandalone target not found
[Package Manager] Server::EnsureServerProcessIsRunning -- launch failed, reason: Unity was launched with the -noUpm command-line argument
[Package Manager] UpmClient::Send -- Unable to send message (not connected to UPM process).
[Package Manager] Cannot connect to Unity Package Manager local server
Mono: successfully reloaded assembly
- Finished resetting the current domain, in  1.346 seconds
Domain Reload Profiling: 2020ms
	BeginReloadAssembly (256ms)
		ExecutionOrderSort (0ms)
		DisableScriptedObjects (9ms)
		BackupInstance (0ms)
		ReleaseScriptingObjects (0ms)
		CreateAndSetChildDomain (70ms)
	RebuildCommonClasses (34ms)
	RebuildNativeTypeToScriptingClass (16ms)
	initialDomainReloadingComplete (45ms)
	LoadAllAssembliesAndSetupDomain (321ms)
		LoadAssemblies (425ms)
		RebuildTransferFunctionScriptingTraits (0ms)
		AnalyzeDomain (31ms)
			TypeCache.Refresh (13ms)
				TypeCache.ScanAssembly (0ms)
			ScanForSourceGeneratedMonoScriptInfo (9ms)
			ResolveRequiredComponents (7ms)
	FinalizeReload (1347ms)
		ReleaseScriptCaches (0ms)
		RebuildScriptCaches (0ms)
		SetupLoadedEditorAssemblies (496ms)
			LogAssemblyErrors (0ms)
			InitializePlatformSupportModulesInManaged (9ms)
			SetLoadedEditorAssemblies (4ms)
			RefreshPlugins (0ms)
			BeforeProcessingInitializeOnLoad (99ms)
			ProcessInitializeOnLoadAttributes (346ms)
			ProcessInitializeOnLoadMethodAttributes (22ms)
			AfterProcessingInitializeOnLoad (14ms)
			EditorAssembliesLoaded (0ms)
		ExecutionOrderSort2 (0ms)
		AwakeInstancesAfterBackupRestoration (13ms)
Refreshing native plugins compatible for Editor in 9.05 ms, found 3 plugins.
Preloading 0 native plugins for Editor in 0.00 ms.
Unloading 3076 Unused Serialized files (Serialized files now loaded: 0)
Unloading 23 unused Assets / (31.1 KB). Loaded Objects now: 3595.
Memory consumption went from 128.4 MB to 128.3 MB.
Total: 3.543600 ms (FindLiveObjects: 0.523300 ms CreateObjectMapping: 0.550500 ms MarkObjects: 2.422400 ms  DeleteObjects: 0.045100 ms)

Prepare: number of updated asset objects reloaded= 0
AssetImportParameters requested are different than current active one (requested -> active):
  custom:container-demuxer-ogg: 62fdf1f143b41e24485cea50d1cbac27 -> 
  custom:video-decoder-ogg-theora: a1e56fd34408186e4bbccfd4996cb3dc -> 
  custom:framework-win-MediaFoundation: 216162199b28c13a410421893ffa2e32 -> 
  custom:CustomObjectIndexerAttribute: 43b350a4d6e6d1791af0b5038c4bea17 -> 
  custom:container-demuxer-webm: 4f35f7cbe854078d1ac9338744f61a02 -> 
  custom:container-muxer-webm: aa71ff27fc2769a1b78a27578f13a17b -> 
  custom:video-decoder-webm-vp8: 9c59270c3fd7afecdb556c50c9e8de78 -> 
  custom:SearchIndexIgnoredProperties: e643bd26f0fe6173181afceb89e7c659 -> 
  custom:AudioImporter_EditorPlatform: d09bf68614088b80899f8185d706f6e7 -> 
  custom:video-encoder-webm-vp8: eb34c28f22e8b96e1ab97ce403110664 -> 
  custom:audio-decoder-ogg-vorbis: bf7c407c2cedff20999df2af8eb42d56 -> 
  custom:audio-encoder-webm-vorbis: bf7c407c2cedff20999df2af8eb42d56 -> 
========================================================================
Received Import Request.
  Time since last request: 16.116788 seconds.
  path: Assets/01.Script/EnemySpawner.cs
  artifactKey: Guid(d8b36d6f3bfa4b94991afc00fb9a6f20) Importer(815301076,1909f56bfc062723c751e8b465ee728b)
Start importing Assets/01.Script/EnemySpawner.cs using Guid(d8b36d6f3bfa4b94991afc00fb9a6f20) Importer(815301076,1909f56bfc062723c751e8b465ee728b)  -> (artifact id: 'c83b761a282734b7243d01a710762454') in 0.002681 seconds
Number of updated asset objects reloaded before import = 0
Number of asset objects unloaded after import = 0
========================================================================
Received Import Request.
  Time since last request: 150.869909 seconds.
  path: Assets/01.Script/EnemySpawner.cs
  artifactKey: Guid(d8b36d6f3bfa4b94991afc00fb9a6f20) Importer(815301076,1909f56bfc062723c751e8b465ee728b)
Start importing Assets/01.Script/EnemySpawner.cs using Guid(d8b36d6f3bfa4b94991afc00fb9a6f20) Importer(815301076,1909f56bfc062723c751e8b465ee728b)  -> (artifact id: 'be4d956f8693dc27f22c39baea25fd7c') in 0.000875 seconds
Number of updated asset objects reloaded before import = 0
Number of asset objects unloaded after import = 0
========================================================================
Received Import Request.
  Time since last request: 333.986692 seconds.
  path: Assets/01.Script/Enemy
  artifactKey: Guid(c295fe23e12a5b34fa608f42dc2585fa) Importer(815301076,1909f56bfc062723c751e8b465ee728b)
Start importing Assets/01.Script/Enemy using Guid(c295fe23e12a5b34fa608f42dc2585fa) Importer(815301076,1909f56bfc062723c751e8b465ee728b)  -> (artifact id: 'e872ee6e6538f9a255bbc62d999f10ad') in 0.000682 seconds
Number of updated asset objects reloaded before import = 0
Number of asset objects unloaded after import = 0
========================================================================
Received Import Request.
  Time since last request: 19.404261 seconds.
  path: Assets/01.Script/Enemy/Enemy.cs
  artifactKey: Guid(92af7dd56ae96ae4d9ef5c1af87986fa) Importer(815301076,1909f56bfc062723c751e8b465ee728b)
Start importing Assets/01.Script/Enemy/Enemy.cs using Guid(92af7dd56ae96ae4d9ef5c1af87986fa) Importer(815301076,1909f56bfc062723c751e8b465ee728b)  -> (artifact id: 'daefd6de27c3cceef743ec408d8790d0') in 0.000807 seconds
Number of updated asset objects reloaded before import = 0
Number of asset objects unloaded after import = 0
========================================================================
Received Import Request.
  Time since last request: 67.257787 seconds.
  path: Assets/01.Script/GameManager.cs
  artifactKey: Guid(b9eb19ad6390c2a4f83a5bf26ff568cc) Importer(815301076,1909f56bfc062723c751e8b465ee728b)
Start importing Assets/01.Script/GameManager.cs using Guid(b9eb19ad6390c2a4f83a5bf26ff568cc) Importer(815301076,1909f56bfc062723c751e8b465ee728b)  -> (artifact id: '698c1c1029b010a96759077d0fb6b7d2') in 0.000718 seconds
Number of updated asset objects reloaded before import = 0
Number of asset objects unloaded after import = 0
========================================================================
Received Import Request.
  Time since last request: 107.978961 seconds.
  path: Assets/01.Script/EnemySpawner.cs
  artifactKey: Guid(d8b36d6f3bfa4b94991afc00fb9a6f20) Importer(815301076,1909f56bfc062723c751e8b465ee728b)
Start importing Assets/01.Script/EnemySpawner.cs using Guid(d8b36d6f3bfa4b94991afc00fb9a6f20) Importer(815301076,1909f56bfc062723c751e8b465ee728b)  -> (artifact id: '73aebabdea11f967c34aea551e9beb8d') in 0.000640 seconds
Number of updated asset objects reloaded before import = 0
Number of asset objects unloaded after import = 0
========================================================================
Received Import Request.
  Time since last request: 0.614328 seconds.
  path: Assets/01.Script/GameManager.cs
  artifactKey: Guid(b9eb19ad6390c2a4f83a5bf26ff568cc) Importer(815301076,1909f56bfc062723c751e8b465ee728b)
Start importing Assets/01.Script/GameManager.cs using Guid(b9eb19ad6390c2a4f83a5bf26ff568cc) Importer(815301076,1909f56bfc062723c751e8b465ee728b)  -> (artifact id: '10fbba060009fce5a558061e4179a648') in 0.000659 seconds
Number of updated asset objects reloaded before import = 0
Number of asset objects unloaded after import = 0
========================================================================
Received Import Request.
  Time since last request: 6.349244 seconds.
  path: Assets/01.Script/Manager
  artifactKey: Guid(b531fbd585df96f4faecd06cfdbd3bd2) Importer(815301076,1909f56bfc062723c751e8b465ee728b)
Start importing Assets/01.Script/Manager using Guid(b531fbd585df96f4faecd06cfdbd3bd2) Importer(815301076,1909f56bfc062723c751e8b465ee728b)  -> (artifact id: '410c7ced728d65a031616b2fb15fd6eb') in 0.000548 seconds
Number of updated asset objects reloaded before import = 0
Number of asset objects unloaded after import = 0
========================================================================
Received Import Request.
  Time since last request: 26.919963 seconds.
  path: Assets/01.Script/Manager/GuardianBuildManager.cs
  artifactKey: Guid(619546de232a3d247a500b83c4f9a961) Importer(815301076,1909f56bfc062723c751e8b465ee728b)
Start importing Assets/01.Script/Manager/GuardianBuildManager.cs using Guid(619546de232a3d247a500b83c4f9a961) Importer(815301076,1909f56bfc062723c751e8b465ee728b)  -> (artifact id: 'cac278cdc4f8b521731635c2135f57ac') in 0.000627 seconds
Number of updated asset objects reloaded before import = 0
Number of asset objects unloaded after import = 0
========================================================================
Received Import Request.
  Time since last request: 4.134145 seconds.
  path: Assets/01.Script/Manager/GuardianUpgradeManager.cs
  artifactKey: Guid(e172f8c2ffb695d4194033570e77607c) Importer(815301076,1909f56bfc062723c751e8b465ee728b)
Start importing Assets/01.Script/Manager/GuardianUpgradeManager.cs using Guid(e172f8c2ffb695d4194033570e77607c) Importer(815301076,1909f56bfc062723c751e8b465ee728b)  -> (artifact id: '58d82a8c929f9b36c30d0e003ef951b6') in 0.000560 seconds
Number of updated asset objects reloaded before import = 0
Number of asset objects unloaded after import = 0
========================================================================
Received Import Request.
  Time since last request: 2.152621 seconds.
  path: Assets/01.Script/Manager/PlayerCharacter.cs
  artifactKey: Guid(627892019e8264f4e9bba62d605a8c4d) Importer(815301076,1909f56bfc062723c751e8b465ee728b)
Start importing Assets/01.Script/Manager/PlayerCharacter.cs using Guid(627892019e8264f4e9bba62d605a8c4d) Importer(815301076,1909f56bfc062723c751e8b465ee728b)  -> (artifact id: '9b5fe565dc1345ef1a8952cb0c1b27bd') in 0.000735 seconds
Number of updated asset objects reloaded before import = 0
Number of asset objects unloaded after import = 0
========================================================================
Received Import Request.
  Time since last request: 5.330519 seconds.
  path: Assets/01.Script/Enemy/Enemy.cs
  artifactKey: Guid(92af7dd56ae96ae4d9ef5c1af87986fa) Importer(815301076,1909f56bfc062723c751e8b465ee728b)
Start importing Assets/01.Script/Enemy/Enemy.cs using Guid(92af7dd56ae96ae4d9ef5c1af87986fa) Importer(815301076,1909f56bfc062723c751e8b465ee728b)  -> (artifact id: '2eca3fceb35aa84492cdb21567520de0') in 0.000589 seconds
Number of updated asset objects reloaded before import = 0
Number of asset objects unloaded after import = 0
========================================================================
Received Prepare
Begin MonoManager ReloadAssembly
- Loaded All Assemblies, in  0.630 seconds
Refreshing native plugins compatible for Editor in 6.30 ms, found 3 plugins.
Native extension for WindowsStandalone target not found
[Package Manager] Server::EnsureServerProcessIsRunning -- launch failed, reason: Unity was launched with the -noUpm command-line argument
[Package Manager] UpmClient::Send -- Unable to send message (not connected to UPM process).
[Package Manager] Cannot connect to Unity Package Manager local server
Mono: successfully reloaded assembly
- Finished resetting the current domain, in  1.169 seconds
Domain Reload Profiling: 1791ms
	BeginReloadAssembly (223ms)
		ExecutionOrderSort (0ms)
		DisableScriptedObjects (6ms)
		BackupInstance (0ms)
		ReleaseScriptingObjects (0ms)
		CreateAndSetChildDomain (39ms)
	RebuildCommonClasses (35ms)
	RebuildNativeTypeToScriptingClass (11ms)
	initialDomainReloadingComplete (42ms)
	LoadAllAssembliesAndSetupDomain (311ms)
		LoadAssemblies (427ms)
		RebuildTransferFunctionScriptingTraits (0ms)
		AnalyzeDomain (21ms)
			TypeCache.Refresh (9ms)
				TypeCache.ScanAssembly (0ms)
			ScanForSourceGeneratedMonoScriptInfo (6ms)
			ResolveRequiredComponents (5ms)
	FinalizeReload (1169ms)
		ReleaseScriptCaches (0ms)
		RebuildScriptCaches (0ms)
		SetupLoadedEditorAssemblies (445ms)
			LogAssemblyErrors (0ms)
			InitializePlatformSupportModulesInManaged (9ms)
			SetLoadedEditorAssemblies (4ms)
			RefreshPlugins (0ms)
			BeforeProcessingInitializeOnLoad (94ms)
			ProcessInitializeOnLoadAttributes (302ms)
			ProcessInitializeOnLoadMethodAttributes (20ms)
			AfterProcessingInitializeOnLoad (16ms)
			EditorAssembliesLoaded (0ms)
		ExecutionOrderSort2 (0ms)
		AwakeInstancesAfterBackupRestoration (13ms)
Refreshing native plugins compatible for Editor in 6.60 ms, found 3 plugins.
Preloading 0 native plugins for Editor in 0.00 ms.
Unloading 3078 Unused Serialized files (Serialized files now loaded: 0)
Unloading 24 unused Assets / (31.6 KB). Loaded Objects now: 3600.
Memory consumption went from 130.4 MB to 130.3 MB.
Total: 2.473200 ms (FindLiveObjects: 0.323900 ms CreateObjectMapping: 0.232500 ms MarkObjects: 1.871800 ms  DeleteObjects: 0.043700 ms)

Prepare: number of updated asset objects reloaded= 0
AssetImportParameters requested are different than current active one (requested -> active):
  custom:container-demuxer-ogg: 62fdf1f143b41e24485cea50d1cbac27 -> 
  custom:video-decoder-ogg-theora: a1e56fd34408186e4bbccfd4996cb3dc -> 
  custom:framework-win-MediaFoundation: 216162199b28c13a410421893ffa2e32 -> 
  custom:CustomObjectIndexerAttribute: 43b350a4d6e6d1791af0b5038c4bea17 -> 
  custom:container-demuxer-webm: 4f35f7cbe854078d1ac9338744f61a02 -> 
  custom:container-muxer-webm: aa71ff27fc2769a1b78a27578f13a17b -> 
  custom:video-decoder-webm-vp8: 9c59270c3fd7afecdb556c50c9e8de78 -> 
  custom:SearchIndexIgnoredProperties: e643bd26f0fe6173181afceb89e7c659 -> 
  custom:AudioImporter_EditorPlatform: d09bf68614088b80899f8185d706f6e7 -> 
  custom:video-encoder-webm-vp8: eb34c28f22e8b96e1ab97ce403110664 -> 
  custom:audio-decoder-ogg-vorbis: bf7c407c2cedff20999df2af8eb42d56 -> 
  custom:audio-encoder-webm-vorbis: bf7c407c2cedff20999df2af8eb42d56 -> 
========================================================================
Received Prepare
Begin MonoManager ReloadAssembly
- Loaded All Assemblies, in  0.539 seconds
Refreshing native plugins compatible for Editor in 6.45 ms, found 3 plugins.
Native extension for WindowsStandalone target not found
[Package Manager] Server::EnsureServerProcessIsRunning -- launch failed, reason: Unity was launched with the -noUpm command-line argument
[Package Manager] UpmClient::Send -- Unable to send message (not connected to UPM process).
[Package Manager] Cannot connect to Unity Package Manager local server
Mono: successfully reloaded assembly
- Finished resetting the current domain, in  1.325 seconds
Domain Reload Profiling: 1858ms
	BeginReloadAssembly (181ms)
		ExecutionOrderSort (0ms)
		DisableScriptedObjects (5ms)
		BackupInstance (0ms)
		ReleaseScriptingObjects (0ms)
		CreateAndSetChildDomain (29ms)
	RebuildCommonClasses (33ms)
	RebuildNativeTypeToScriptingClass (10ms)
	initialDomainReloadingComplete (38ms)
	LoadAllAssembliesAndSetupDomain (270ms)
		LoadAssemblies (372ms)
		RebuildTransferFunctionScriptingTraits (0ms)
		AnalyzeDomain (11ms)
			TypeCache.Refresh (6ms)
				TypeCache.ScanAssembly (0ms)
			ScanForSourceGeneratedMonoScriptInfo (0ms)
			ResolveRequiredComponents (4ms)
	FinalizeReload (1326ms)
		ReleaseScriptCaches (0ms)
		RebuildScriptCaches (0ms)
		SetupLoadedEditorAssemblies (502ms)
			LogAssemblyErrors (0ms)
			InitializePlatformSupportModulesInManaged (10ms)
			SetLoadedEditorAssemblies (4ms)
			RefreshPlugins (0ms)
			BeforeProcessingInitializeOnLoad (107ms)
			ProcessInitializeOnLoadAttributes (339ms)
			ProcessInitializeOnLoadMethodAttributes (23ms)
			AfterProcessingInitializeOnLoad (18ms)
			EditorAssembliesLoaded (0ms)
		ExecutionOrderSort2 (0ms)
		AwakeInstancesAfterBackupRestoration (14ms)
Refreshing native plugins compatible for Editor in 8.32 ms, found 3 plugins.
Preloading 0 native plugins for Editor in 0.00 ms.
Unloading 3079 Unused Serialized files (Serialized files now loaded: 0)
Unloading 23 unused Assets / (31.1 KB). Loaded Objects now: 3603.
Memory consumption went from 132.6 MB to 132.5 MB.
Total: 2.661100 ms (FindLiveObjects: 0.363300 ms CreateObjectMapping: 0.309800 ms MarkObjects: 1.945300 ms  DeleteObjects: 0.041800 ms)

Prepare: number of updated asset objects reloaded= 0
AssetImportParameters requested are different than current active one (requested -> active):
  custom:container-demuxer-ogg: 62fdf1f143b41e24485cea50d1cbac27 -> 
  custom:video-decoder-ogg-theora: a1e56fd34408186e4bbccfd4996cb3dc -> 
  custom:framework-win-MediaFoundation: 216162199b28c13a410421893ffa2e32 -> 
  custom:CustomObjectIndexerAttribute: 43b350a4d6e6d1791af0b5038c4bea17 -> 
  custom:container-demuxer-webm: 4f35f7cbe854078d1ac9338744f61a02 -> 
  custom:container-muxer-webm: aa71ff27fc2769a1b78a27578f13a17b -> 
  custom:video-decoder-webm-vp8: 9c59270c3fd7afecdb556c50c9e8de78 -> 
  custom:SearchIndexIgnoredProperties: e643bd26f0fe6173181afceb89e7c659 -> 
  custom:AudioImporter_EditorPlatform: d09bf68614088b80899f8185d706f6e7 -> 
  custom:video-encoder-webm-vp8: eb34c28f22e8b96e1ab97ce403110664 -> 
  custom:audio-decoder-ogg-vorbis: bf7c407c2cedff20999df2af8eb42d56 -> 
  custom:audio-encoder-webm-vorbis: bf7c407c2cedff20999df2af8eb42d56 -> 
========================================================================
Received Prepare
Begin MonoManager ReloadAssembly
- Loaded All Assemblies, in  0.538 seconds
Refreshing native plugins compatible for Editor in 6.56 ms, found 3 plugins.
Native extension for WindowsStandalone target not found
[Package Manager] Server::EnsureServerProcessIsRunning -- launch failed, reason: Unity was launched with the -noUpm command-line argument
[Package Manager] UpmClient::Send -- Unable to send message (not connected to UPM process).
[Package Manager] Cannot connect to Unity Package Manager local server
Mono: successfully reloaded assembly
- Finished resetting the current domain, in  1.148 seconds
Domain Reload Profiling: 1680ms
	BeginReloadAssembly (180ms)
		ExecutionOrderSort (0ms)
		DisableScriptedObjects (5ms)
		BackupInstance (0ms)
		ReleaseScriptingObjects (0ms)
		CreateAndSetChildDomain (29ms)
	RebuildCommonClasses (32ms)
	RebuildNativeTypeToScriptingClass (10ms)
	initialDomainReloadingComplete (37ms)
	LoadAllAssembliesAndSetupDomain (273ms)
		LoadAssemblies (366ms)
		RebuildTransferFunctionScriptingTraits (0ms)
		AnalyzeDomain (17ms)
			TypeCache.Refresh (9ms)
				TypeCache.ScanAssembly (0ms)
			ScanForSourceGeneratedMonoScriptInfo (0ms)
			ResolveRequiredComponents (6ms)
	FinalizeReload (1148ms)
		ReleaseScriptCaches (0ms)
		RebuildScriptCaches (0ms)
		SetupLoadedEditorAssemblies (419ms)
			LogAssemblyErrors (0ms)
			InitializePlatformSupportModulesInManaged (8ms)
			SetLoadedEditorAssemblies (4ms)
			RefreshPlugins (0ms)
			BeforeProcessingInitializeOnLoad (90ms)
			ProcessInitializeOnLoadAttributes (287ms)
			ProcessInitializeOnLoadMethodAttributes (18ms)
			AfterProcessingInitializeOnLoad (13ms)
			EditorAssembliesLoaded (0ms)
		ExecutionOrderSort2 (0ms)
		AwakeInstancesAfterBackupRestoration (12ms)
Refreshing native plugins compatible for Editor in 7.38 ms, found 3 plugins.
Preloading 0 native plugins for Editor in 0.00 ms.
Unloading 3079 Unused Serialized files (Serialized files now loaded: 0)
Unloading 23 unused Assets / (31.1 KB). Loaded Objects now: 3606.
Memory consumption went from 134.5 MB to 134.5 MB.
Total: 2.346600 ms (FindLiveObjects: 0.235800 ms CreateObjectMapping: 0.195600 ms MarkObjects: 1.874800 ms  DeleteObjects: 0.039800 ms)

Prepare: number of updated asset objects reloaded= 0
AssetImportParameters requested are different than current active one (requested -> active):
  custom:container-demuxer-ogg: 62fdf1f143b41e24485cea50d1cbac27 -> 
  custom:video-decoder-ogg-theora: a1e56fd34408186e4bbccfd4996cb3dc -> 
  custom:framework-win-MediaFoundation: 216162199b28c13a410421893ffa2e32 -> 
  custom:CustomObjectIndexerAttribute: 43b350a4d6e6d1791af0b5038c4bea17 -> 
  custom:container-demuxer-webm: 4f35f7cbe854078d1ac9338744f61a02 -> 
  custom:container-muxer-webm: aa71ff27fc2769a1b78a27578f13a17b -> 
  custom:video-decoder-webm-vp8: 9c59270c3fd7afecdb556c50c9e8de78 -> 
  custom:SearchIndexIgnoredProperties: e643bd26f0fe6173181afceb89e7c659 -> 
  custom:AudioImporter_EditorPlatform: d09bf68614088b80899f8185d706f6e7 -> 
  custom:video-encoder-webm-vp8: eb34c28f22e8b96e1ab97ce403110664 -> 
  custom:audio-decoder-ogg-vorbis: bf7c407c2cedff20999df2af8eb42d56 -> 
  custom:audio-encoder-webm-vorbis: bf7c407c2cedff20999df2af8eb42d56 -> 
========================================================================
Received Prepare
Begin MonoManager ReloadAssembly
- Loaded All Assemblies, in  0.542 seconds
Refreshing native plugins compatible for Editor in 6.35 ms, found 3 plugins.
Native extension for WindowsStandalone target not found
[Package Manager] Server::EnsureServerProcessIsRunning -- launch failed, reason: Unity was launched with the -noUpm command-line argument
[Package Manager] UpmClient::Send -- Unable to send message (not connected to UPM process).
[Package Manager] Cannot connect to Unity Package Manager local server
Mono: successfully reloaded assembly
- Finished resetting the current domain, in  1.155 seconds
Domain Reload Profiling: 1691ms
	BeginReloadAssembly (181ms)
		ExecutionOrderSort (0ms)
		DisableScriptedObjects (5ms)
		BackupInstance (0ms)
		ReleaseScriptingObjects (0ms)
		CreateAndSetChildDomain (32ms)
	RebuildCommonClasses (32ms)
	RebuildNativeTypeToScriptingClass (14ms)
	initialDomainReloadingComplete (37ms)
	LoadAllAssembliesAndSetupDomain (272ms)
		LoadAssemblies (371ms)
		RebuildTransferFunctionScriptingTraits (0ms)
		AnalyzeDomain (12ms)
			TypeCache.Refresh (6ms)
				TypeCache.ScanAssembly (0ms)
			ScanForSourceGeneratedMonoScriptInfo (0ms)
			ResolveRequiredComponents (4ms)
	FinalizeReload (1155ms)
		ReleaseScriptCaches (0ms)
		RebuildScriptCaches (0ms)
		SetupLoadedEditorAssemblies (418ms)
			LogAssemblyErrors (0ms)
			InitializePlatformSupportModulesInManaged (8ms)
			SetLoadedEditorAssemblies (3ms)
			RefreshPlugins (0ms)
			BeforeProcessingInitializeOnLoad (90ms)
			ProcessInitializeOnLoadAttributes (285ms)
			ProcessInitializeOnLoadMethodAttributes (18ms)
			AfterProcessingInitializeOnLoad (14ms)
			EditorAssembliesLoaded (0ms)
		ExecutionOrderSort2 (0ms)
		AwakeInstancesAfterBackupRestoration (11ms)
Refreshing native plugins compatible for Editor in 7.04 ms, found 3 plugins.
Preloading 0 native plugins for Editor in 0.00 ms.
Unloading 3079 Unused Serialized files (Serialized files now loaded: 0)
Unloading 23 unused Assets / (31.2 KB). Loaded Objects now: 3609.
Memory consumption went from 136.4 MB to 136.4 MB.
Total: 2.431500 ms (FindLiveObjects: 0.288600 ms CreateObjectMapping: 0.340500 ms MarkObjects: 1.767000 ms  DeleteObjects: 0.034900 ms)

Prepare: number of updated asset objects reloaded= 0
AssetImportParameters requested are different than current active one (requested -> active):
  custom:container-demuxer-ogg: 62fdf1f143b41e24485cea50d1cbac27 -> 
  custom:video-decoder-ogg-theora: a1e56fd34408186e4bbccfd4996cb3dc -> 
  custom:framework-win-MediaFoundation: 216162199b28c13a410421893ffa2e32 -> 
  custom:CustomObjectIndexerAttribute: 43b350a4d6e6d1791af0b5038c4bea17 -> 
  custom:container-demuxer-webm: 4f35f7cbe854078d1ac9338744f61a02 -> 
  custom:container-muxer-webm: aa71ff27fc2769a1b78a27578f13a17b -> 
  custom:video-decoder-webm-vp8: 9c59270c3fd7afecdb556c50c9e8de78 -> 
  custom:SearchIndexIgnoredProperties: e643bd26f0fe6173181afceb89e7c659 -> 
  custom:AudioImporter_EditorPlatform: d09bf68614088b80899f8185d706f6e7 -> 
  custom:video-encoder-webm-vp8: eb34c28f22e8b96e1ab97ce403110664 -> 
  custom:audio-decoder-ogg-vorbis: bf7c407c2cedff20999df2af8eb42d56 -> 
  custom:audio-encoder-webm-vorbis: bf7c407c2cedff20999df2af8eb42d56 -> 
